#
# There is insufficient memory for the Java Runtime Environment to continue.
# Native memory allocation (malloc) failed to allocate 391376 bytes for Chunk::new
# Possible reasons:
#   The system is out of physical RAM or swap space
#   The process is running with CompressedOops enabled, and the Java Heap may be blocking the growth of the native heap
# Possible solutions:
#   Reduce memory load on the system
#   Increase physical memory or swap space
#   Check if swap backing store is full
#   Decrease Java heap size (-Xmx/-Xms)
#   Decrease number of Java threads
#   Decrease Java thread stack sizes (-Xss)
#   Set larger code cache with -XX:ReservedCodeCacheSize=
#   JVM is running with Unscaled Compressed Oops mode in which the Java heap is
#     placed in the first 4GB address space. The Java Heap base address is the
#     maximum limit for the native heap growth. Please use -XX:HeapBaseMinAddress
#     to set the Java Heap base and to place the Java Heap above 4GB virtual address.
# This output file may be truncated or incomplete.
#
#  Out of Memory Error (allocation.cpp:389), pid=34376, tid=0x0000000000009ca0
#
# JRE version: OpenJDK Runtime Environment (8.0_422-b05) (build 1.8.0_422-b05)
# Java VM: OpenJDK 64-Bit Server VM (25.422-b05 mixed mode windows-amd64 compressed oops)
# Failed to write core dump. Minidumps are not enabled by default on client versions of Windows
#

---------------  T H R E A D  ---------------

Current thread (0x0000026d6d38a800):  JavaThread "C2 CompilerThread2" daemon [_thread_in_native, id=40096, stack(0x0000007d6cc00000,0x0000007d6cd00000)]

Stack: [0x0000007d6cc00000,0x0000007d6cd00000]
[error occurred during error reporting (printing stack bounds), id 0xc0000005]

Native frames: (J=compiled Java code, j=interpreted, Vv=VM code, C=native code)


Current CompileTask:
C2:  15174 3070       4       java.lang.ClassLoader::defineClass (43 bytes)


---------------  P R O C E S S  ---------------

Java Threads: ( => current thread )
  0x0000026d73d26000 JavaThread "jar transforms Thread 5" [_thread_blocked, id=38360, stack(0x0000007d6e900000,0x0000007d6ea00000)]
  0x0000026d73d26800 JavaThread "jar transforms Thread 4" [_thread_blocked, id=40436, stack(0x0000007d6e800000,0x0000007d6e900000)]
  0x0000026d73d21000 JavaThread "Cache worker for cache directory md-supplier (C:\Users\Lenovo\.gradle\caches\8.9\md-supplier)" [_thread_blocked, id=40448, stack(0x0000007d6e700000,0x0000007d6e800000)]
  0x0000026d73d22000 JavaThread "Cache worker for cache directory md-rule (C:\Users\Lenovo\.gradle\caches\8.9\md-rule)" [_thread_blocked, id=28788, stack(0x0000007d6e600000,0x0000007d6e700000)]
  0x0000026d73d20800 JavaThread "Cache worker for file content cache (C:\Users\Lenovo\.gradle\caches\8.9\fileContent)" [_thread_blocked, id=37332, stack(0x0000007d6e500000,0x0000007d6e600000)]
  0x0000026d73d23800 JavaThread "Cache worker for checksums cache (C:\Users\Lenovo\Documents\augment-projects\NavAi\mobile\.gradle\8.9\checksums)" [_thread_blocked, id=23068, stack(0x0000007d6e400000,0x0000007d6e500000)]
  0x0000026d73d22800 JavaThread "jar transforms Thread 3" [_thread_blocked, id=36500, stack(0x0000007d6e300000,0x0000007d6e400000)]
  0x0000026d6d508000 JavaThread "jar transforms Thread 2" [_thread_blocked, id=38004, stack(0x0000007d6e200000,0x0000007d6e300000)]
  0x0000026d6d507000 JavaThread "jar transforms" [_thread_blocked, id=38124, stack(0x0000007d6e100000,0x0000007d6e200000)]
  0x0000026d6d50a800 JavaThread "File watcher consumer" daemon [_thread_blocked, id=2012, stack(0x0000007d6e000000,0x0000007d6e100000)]
  0x0000026d6d509800 JavaThread "File watcher server" daemon [_thread_in_native, id=37976, stack(0x0000007d6df00000,0x0000007d6e000000)]
  0x0000026d6d508800 JavaThread "Cache worker for Build Output Cleanup Cache (C:\Users\Lenovo\Documents\augment-projects\NavAi\mobile\.gradle\buildOutputCleanup)" [_thread_blocked, id=19956, stack(0x0000007d6de00000,0x0000007d6df00000)]
  0x0000026d6d503000 JavaThread "Cache worker for file hash cache (C:\Users\Lenovo\Documents\augment-projects\NavAi\mobile\.gradle\8.9\fileHashes)" [_thread_blocked, id=11068, stack(0x0000007d6dd00000,0x0000007d6de00000)]
  0x0000026d6d505000 JavaThread "Cache worker for file hash cache (C:\Users\Lenovo\.gradle\caches\8.9\fileHashes)" [_thread_blocked, id=38876, stack(0x0000007d6dc00000,0x0000007d6dd00000)]
  0x0000026d6d506800 JavaThread "File lock request listener" [_thread_in_native, id=35404, stack(0x0000007d6db00000,0x0000007d6dc00000)]
  0x0000026d6d505800 JavaThread "Cache worker for journal cache (C:\Users\Lenovo\.gradle\caches\journal-1)" [_thread_blocked, id=40404, stack(0x0000007d6da00000,0x0000007d6db00000)]
  0x0000026d6d504000 JavaThread "Daemon client event forwarder" [_thread_blocked, id=40544, stack(0x0000007d6d900000,0x0000007d6da00000)]
  0x0000026d6d50f800 JavaThread "Stdin handler" [_thread_blocked, id=38924, stack(0x0000007d6d800000,0x0000007d6d900000)]
  0x0000026d6ed05000 JavaThread "Asynchronous log dispatcher for DefaultDaemonConnection: socket connection from /127.0.0.1:63866 to /127.0.0.1:63869" [_thread_blocked, id=34960, stack(0x0000007d6d700000,0x0000007d6d800000)]
  0x0000026d6ed6b000 JavaThread "Daemon worker" [_thread_in_native, id=36032, stack(0x0000007d6d600000,0x0000007d6d700000)]
  0x0000026d6d644800 JavaThread "Cancel handler" [_thread_blocked, id=30520, stack(0x0000007d6d500000,0x0000007d6d600000)]
  0x0000026d6d643800 JavaThread "Handler for socket connection from /127.0.0.1:63866 to /127.0.0.1:63869" [_thread_in_native, id=28148, stack(0x0000007d6d400000,0x0000007d6d500000)]
  0x0000026d6f6bd000 JavaThread "Daemon" [_thread_blocked, id=37204, stack(0x0000007d6d300000,0x0000007d6d400000)]
  0x0000026d6db05800 JavaThread "Daemon periodic checks" [_thread_blocked, id=39124, stack(0x0000007d6d200000,0x0000007d6d300000)]
  0x0000026d6da13800 JavaThread "Incoming local TCP Connector on port 63866" [_thread_in_native, id=40632, stack(0x0000007d6d100000,0x0000007d6d200000)]
  0x0000026d6f5fc000 JavaThread "Daemon health stats" [_thread_blocked, id=35772, stack(0x0000007d6d000000,0x0000007d6d100000)]
  0x0000026d6d414000 JavaThread "Service Thread" daemon [_thread_blocked, id=39392, stack(0x0000007d6ce00000,0x0000007d6cf00000)]
  0x0000026d6d3a3800 JavaThread "C1 CompilerThread3" daemon [_thread_blocked, id=20560, stack(0x0000007d6cd00000,0x0000007d6ce00000)]
=>0x0000026d6d38a800 JavaThread "C2 CompilerThread2" daemon [_thread_in_native, id=40096, stack(0x0000007d6cc00000,0x0000007d6cd00000)]
  0x0000026d6d385800 JavaThread "C2 CompilerThread1" daemon [_thread_in_native, id=39780, stack(0x0000007d6cb00000,0x0000007d6cc00000)]
  0x0000026d6d385000 JavaThread "C2 CompilerThread0" daemon [_thread_in_native, id=35684, stack(0x0000007d6ca00000,0x0000007d6cb00000)]
  0x0000026d6ae86800 JavaThread "Attach Listener" daemon [_thread_blocked, id=34976, stack(0x0000007d6c900000,0x0000007d6ca00000)]
  0x0000026d6ae85000 JavaThread "Signal Dispatcher" daemon [_thread_blocked, id=32108, stack(0x0000007d6c800000,0x0000007d6c900000)]
  0x0000026d6ae5c000 JavaThread "Finalizer" daemon [_thread_blocked, id=35516, stack(0x0000007d6c700000,0x0000007d6c800000)]
  0x0000026d6ae52800 JavaThread "Reference Handler" daemon [_thread_blocked, id=34740, stack(0x0000007d6c600000,0x0000007d6c700000)]
  0x0000026d582bd800 JavaThread "main" [_thread_blocked, id=28244, stack(0x0000007d6ba00000,0x0000007d6bb00000)]

Other Threads:
  0x0000026d6ae1f800 VMThread [stack: 0x0000007d6c500000,0x0000007d6c600000] [id=23228]
  0x0000026d6d424800 WatcherThread [stack: 0x0000007d6cf00000,0x0000007d6d000000] [id=35872]

VM state:not at safepoint (normal execution)

VM Mutex/Monitor currently owned by a thread: None

heap address: 0x00000000e0000000, size: 512 MB, Compressed Oops mode: 32-bit
Narrow klass base: 0x0000000000000000, Narrow klass shift: 3
Compressed class space size: 1073741824 Address: 0x0000000100000000

Heap:
 PSYoungGen      total 161280K, used 16436K [0x00000000f5580000, 0x0000000100000000, 0x0000000100000000)
  eden space 147968K, 11% used [0x00000000f5580000,0x00000000f658d0e0,0x00000000fe600000)
  from space 13312K, 0% used [0x00000000ff300000,0x00000000ff300000,0x0000000100000000)
  to   space 13312K, 0% used [0x00000000fe600000,0x00000000fe600000,0x00000000ff300000)
 ParOldGen       total 175104K, used 16197K [0x00000000e0000000, 0x00000000eab00000, 0x00000000f5580000)
  object space 175104K, 9% used [0x00000000e0000000,0x00000000e0fd1588,0x00000000eab00000)
 Metaspace       used 33896K, capacity 36206K, committed 36528K, reserved 1081344K
  class space    used 5049K, capacity 5478K, committed 5552K, reserved 1048576K

Card table byte_map: [0x0000026d691a0000,0x0000026d692b0000] byte_map_base: 0x0000026d68aa0000

Marking Bits: (ParMarkBitMap*) 0x0000000054a818f0
 Begin Bits: [0x0000026d692b0000, 0x0000026d69ab0000)
 End Bits:   [0x0000026d69ab0000, 0x0000026d6a2b0000)

Polling page: 0x0000026d58510000

CodeCache: size=245760Kb used=9673Kb max_used=9685Kb free=236086Kb
 bounds [0x0000026d59de0000, 0x0000026d5a760000, 0x0000026d68de0000]
 total_blobs=3295 nmethods=2804 adapters=403
 compilation: enabled

Compilation events (10 events):
Event: 13.146 Thread 0x0000026d6d385000 nmethod 3075 0x0000026d5a755fd0 code [0x0000026d5a756120, 0x0000026d5a7563f8]
Event: 13.146 Thread 0x0000026d6d385000 3073       4       java.io.DataInputStream::readUTF (501 bytes)
Event: 13.151 Thread 0x0000026d6d385800 nmethod 3071 0x0000026d5a75cd50 code [0x0000026d5a75cfa0, 0x0000026d5a75e240]
Event: 13.151 Thread 0x0000026d6d385800 3076       4       java.lang.Integer::hashCode (8 bytes)
Event: 13.151 Thread 0x0000026d6d385800 nmethod 3076 0x0000026d5a1ce510 code [0x0000026d5a1ce640, 0x0000026d5a1ce698]
Event: 13.154 Thread 0x0000026d6d385800 3077       4       java.net.URLStreamHandler::equals (45 bytes)
Event: 13.773 Thread 0x0000026d6d3a3800 3078   !   3       java.util.concurrent.locks.AbstractQueuedSynchronizer::fullyRelease (54 bytes)
Event: 13.774 Thread 0x0000026d6d3a3800 nmethod 3078 0x0000026d5a757650 code [0x0000026d5a757800, 0x0000026d5a757df0]
Event: 13.927 Thread 0x0000026d6d3a3800 3079       3       java.util.concurrent.locks.AbstractQueuedSynchronizer$ConditionObject::unlinkCancelledWaiters (67 bytes)
Event: 13.928 Thread 0x0000026d6d3a3800 nmethod 3079 0x0000026d5a755a10 code [0x0000026d5a755b80, 0x0000026d5a755ed8]

GC Heap History (10 events):
Event: 8.990 GC heap before
{Heap before GC invocations=8 (full 1):
 PSYoungGen      total 76800K, used 64000K [0x00000000f5580000, 0x00000000feb80000, 0x0000000100000000)
  eden space 64000K, 100% used [0x00000000f5580000,0x00000000f9400000,0x00000000f9400000)
  from space 12800K, 0% used [0x00000000fa080000,0x00000000fa080000,0x00000000fad00000)
  to   space 12800K, 0% used [0x00000000f9400000,0x00000000f9400000,0x00000000fa080000)
 ParOldGen       total 175104K, used 8808K [0x00000000e0000000, 0x00000000eab00000, 0x00000000f5580000)
  object space 175104K, 5% used [0x00000000e0000000,0x00000000e089a2a8,0x00000000eab00000)
 Metaspace       used 22327K, capacity 23366K, committed 23472K, reserved 1069056K
  class space    used 3238K, capacity 3495K, committed 3504K, reserved 1048576K
Event: 8.993 GC heap after
Heap after GC invocations=8 (full 1):
 PSYoungGen      total 76800K, used 3682K [0x00000000f5580000, 0x00000000fdd00000, 0x0000000100000000)
  eden space 64000K, 0% used [0x00000000f5580000,0x00000000f5580000,0x00000000f9400000)
  from space 12800K, 28% used [0x00000000f9400000,0x00000000f9798ad0,0x00000000fa080000)
  to   space 13312K, 0% used [0x00000000fd000000,0x00000000fd000000,0x00000000fdd00000)
 ParOldGen       total 175104K, used 8816K [0x00000000e0000000, 0x00000000eab00000, 0x00000000f5580000)
  object space 175104K, 5% used [0x00000000e0000000,0x00000000e089c2a8,0x00000000eab00000)
 Metaspace       used 22327K, capacity 23366K, committed 23472K, reserved 1069056K
  class space    used 3238K, capacity 3495K, committed 3504K, reserved 1048576K
}
Event: 10.104 GC heap before
{Heap before GC invocations=9 (full 1):
 PSYoungGen      total 76800K, used 67682K [0x00000000f5580000, 0x00000000fdd00000, 0x0000000100000000)
  eden space 64000K, 100% used [0x00000000f5580000,0x00000000f9400000,0x00000000f9400000)
  from space 12800K, 28% used [0x00000000f9400000,0x00000000f9798ad0,0x00000000fa080000)
  to   space 13312K, 0% used [0x00000000fd000000,0x00000000fd000000,0x00000000fdd00000)
 ParOldGen       total 175104K, used 8816K [0x00000000e0000000, 0x00000000eab00000, 0x00000000f5580000)
  object space 175104K, 5% used [0x00000000e0000000,0x00000000e089c2a8,0x00000000eab00000)
 Metaspace       used 25666K, capacity 27034K, committed 27184K, reserved 1073152K
  class space    used 3811K, capacity 4081K, committed 4144K, reserved 1048576K
Event: 10.173 GC heap after
Heap after GC invocations=9 (full 1):
 PSYoungGen      total 125952K, used 7455K [0x00000000f5580000, 0x00000000fe180000, 0x0000000100000000)
  eden space 112640K, 0% used [0x00000000f5580000,0x00000000f5580000,0x00000000fc380000)
  from space 13312K, 56% used [0x00000000fd000000,0x00000000fd747fc8,0x00000000fdd00000)
  to   space 12800K, 0% used [0x00000000fc380000,0x00000000fc380000,0x00000000fd000000)
 ParOldGen       total 175104K, used 8824K [0x00000000e0000000, 0x00000000eab00000, 0x00000000f5580000)
  object space 175104K, 5% used [0x00000000e0000000,0x00000000e089e2a8,0x00000000eab00000)
 Metaspace       used 25666K, capacity 27034K, committed 27184K, reserved 1073152K
  class space    used 3811K, capacity 4081K, committed 4144K, reserved 1048576K
}
Event: 12.056 GC heap before
{Heap before GC invocations=10 (full 1):
 PSYoungGen      total 125952K, used 120095K [0x00000000f5580000, 0x00000000fe180000, 0x0000000100000000)
  eden space 112640K, 100% used [0x00000000f5580000,0x00000000fc380000,0x00000000fc380000)
  from space 13312K, 56% used [0x00000000fd000000,0x00000000fd747fc8,0x00000000fdd00000)
  to   space 12800K, 0% used [0x00000000fc380000,0x00000000fc380000,0x00000000fd000000)
 ParOldGen       total 175104K, used 8824K [0x00000000e0000000, 0x00000000eab00000, 0x00000000f5580000)
  object space 175104K, 5% used [0x00000000e0000000,0x00000000e089e2a8,0x00000000eab00000)
 Metaspace       used 31238K, capacity 33180K, committed 33456K, reserved 1077248K
  class space    used 4603K, capacity 4996K, committed 5040K, reserved 1048576K
Event: 12.070 GC heap after
Heap after GC invocations=10 (full 1):
 PSYoungGen      total 125440K, used 10510K [0x00000000f5580000, 0x0000000100000000, 0x0000000100000000)
  eden space 112640K, 0% used [0x00000000f5580000,0x00000000f5580000,0x00000000fc380000)
  from space 12800K, 82% used [0x00000000fc380000,0x00000000fcdc3978,0x00000000fd000000)
  to   space 13312K, 0% used [0x00000000ff300000,0x00000000ff300000,0x0000000100000000)
 ParOldGen       total 175104K, used 8832K [0x00000000e0000000, 0x00000000eab00000, 0x00000000f5580000)
  object space 175104K, 5% used [0x00000000e0000000,0x00000000e08a02a8,0x00000000eab00000)
 Metaspace       used 31238K, capacity 33180K, committed 33456K, reserved 1077248K
  class space    used 4603K, capacity 4996K, committed 5040K, reserved 1048576K
}
Event: 12.955 GC heap before
{Heap before GC invocations=11 (full 1):
 PSYoungGen      total 125440K, used 45395K [0x00000000f5580000, 0x0000000100000000, 0x0000000100000000)
  eden space 112640K, 30% used [0x00000000f5580000,0x00000000f7791438,0x00000000fc380000)
  from space 12800K, 82% used [0x00000000fc380000,0x00000000fcdc3978,0x00000000fd000000)
  to   space 13312K, 0% used [0x00000000ff300000,0x00000000ff300000,0x0000000100000000)
 ParOldGen       total 175104K, used 8832K [0x00000000e0000000, 0x00000000eab00000, 0x00000000f5580000)
  object space 175104K, 5% used [0x00000000e0000000,0x00000000e08a02a8,0x00000000eab00000)
 Metaspace       used 33292K, capacity 35434K, committed 35496K, reserved 1079296K
  class space    used 4935K, capacity 5374K, committed 5424K, reserved 1048576K
Event: 12.986 GC heap after
Heap after GC invocations=11 (full 1):
 PSYoungGen      total 161280K, used 4444K [0x00000000f5580000, 0x0000000100000000, 0x0000000100000000)
  eden space 147968K, 0% used [0x00000000f5580000,0x00000000f5580000,0x00000000fe600000)
  from space 13312K, 33% used [0x00000000ff300000,0x00000000ff757288,0x0000000100000000)
  to   space 13312K, 0% used [0x00000000fe600000,0x00000000fe600000,0x00000000ff300000)
 ParOldGen       total 175104K, used 12768K [0x00000000e0000000, 0x00000000eab00000, 0x00000000f5580000)
  object space 175104K, 7% used [0x00000000e0000000,0x00000000e0c78220,0x00000000eab00000)
 Metaspace       used 33292K, capacity 35434K, committed 35496K, reserved 1079296K
  class space    used 4935K, capacity 5374K, committed 5424K, reserved 1048576K
}
Event: 12.986 GC heap before
{Heap before GC invocations=12 (full 2):
 PSYoungGen      total 161280K, used 4444K [0x00000000f5580000, 0x0000000100000000, 0x0000000100000000)
  eden space 147968K, 0% used [0x00000000f5580000,0x00000000f5580000,0x00000000fe600000)
  from space 13312K, 33% used [0x00000000ff300000,0x00000000ff757288,0x0000000100000000)
  to   space 13312K, 0% used [0x00000000fe600000,0x00000000fe600000,0x00000000ff300000)
 ParOldGen       total 175104K, used 12768K [0x00000000e0000000, 0x00000000eab00000, 0x00000000f5580000)
  object space 175104K, 7% used [0x00000000e0000000,0x00000000e0c78220,0x00000000eab00000)
 Metaspace       used 33292K, capacity 35434K, committed 35496K, reserved 1079296K
  class space    used 4935K, capacity 5374K, committed 5424K, reserved 1048576K
Event: 13.044 GC heap after
Heap after GC invocations=12 (full 2):
 PSYoungGen      total 161280K, used 0K [0x00000000f5580000, 0x0000000100000000, 0x0000000100000000)
  eden space 147968K, 0% used [0x00000000f5580000,0x00000000f5580000,0x00000000fe600000)
  from space 13312K, 0% used [0x00000000ff300000,0x00000000ff300000,0x0000000100000000)
  to   space 13312K, 0% used [0x00000000fe600000,0x00000000fe600000,0x00000000ff300000)
 ParOldGen       total 175104K, used 16197K [0x00000000e0000000, 0x00000000eab00000, 0x00000000f5580000)
  object space 175104K, 9% used [0x00000000e0000000,0x00000000e0fd1588,0x00000000eab00000)
 Metaspace       used 33292K, capacity 35434K, committed 35496K, reserved 1079296K
  class space    used 4935K, capacity 5374K, committed 5424K, reserved 1048576K
}

Deoptimization events (10 events):
Event: 10.759 Thread 0x0000026d6ed6b000 Uncommon trap: reason=unstable_if action=reinterpret pc=0x0000026d5a2ad47c method=java.util.LinkedHashMap.get(Ljava/lang/Object;)Ljava/lang/Object; @ 20
Event: 10.762 Thread 0x0000026d6ed6b000 Uncommon trap: reason=unstable_if action=reinterpret pc=0x0000026d5a589d94 method=java.math.BigInteger.addOne([IIII)I @ 55
Event: 11.578 Thread 0x0000026d6ed6b000 Uncommon trap: reason=unstable_if action=reinterpret pc=0x0000026d5a26c0b8 method=java.util.HashMap.getNode(ILjava/lang/Object;)Ljava/util/HashMap$Node; @ 129
Event: 11.653 Thread 0x0000026d6ed6b000 Uncommon trap: reason=unstable_if action=reinterpret pc=0x0000026d5a2bab7c method=java.util.HashMap.hash(Ljava/lang/Object;)I @ 1
Event: 12.284 Thread 0x0000026d6ed6b000 Uncommon trap: reason=unstable_if action=reinterpret pc=0x0000026d5a2cb588 method=sun.misc.URLClassPath$JarLoader.getResource(Ljava/lang/String;ZLjava/util/Set;)Lsun/misc/Resource; @ 17
Event: 12.794 Thread 0x0000026d73d26000 Uncommon trap: reason=loop_limit_check action=maybe_recompile pc=0x0000026d59f1ca48 method=java.util.regex.Pattern$BnM.match(Ljava/util/regex/Matcher;ILjava/lang/CharSequence;)Z @ 26
Event: 12.845 Thread 0x0000026d6ed6b000 Uncommon trap: reason=class_check action=maybe_recompile pc=0x0000026d5a0c7ff4 method=sun.misc.URLClassPath.getLoader(I)Lsun/misc/URLClassPath$Loader; @ 94
Event: 12.845 Thread 0x0000026d6ed6b000 Uncommon trap: reason=class_check action=maybe_recompile pc=0x0000026d5a0df2a0 method=sun.misc.URLClassPath.getResource(Ljava/lang/String;Z)Lsun/misc/Resource; @ 62
Event: 12.850 Thread 0x0000026d6ed6b000 Uncommon trap: reason=unstable_if action=reinterpret pc=0x0000026d5a5af5f0 method=java.lang.ClassLoader.getClassLoadingLock(Ljava/lang/String;)Ljava/lang/Object; @ 6
Event: 12.851 Thread 0x0000026d6ed6b000 Uncommon trap: reason=unstable_if action=reinterpret pc=0x0000026d5a59577c method=java.lang.ClassLoader.getClassLoadingLock(Ljava/lang/String;)Ljava/lang/Object; @ 6

Classes redefined (0 events):
No events

Internal exceptions (10 events):
Event: 12.327 Thread 0x0000026d6ed6b000 Exception <a 'java/lang/IncompatibleClassChangeError': Found class java.lang.Object, but interface was expected> (0x00000000f6815758) thrown at [C:\workspace\openjdk-build\workspace\build\src\hotspot\src\share\vm\interpreter\linkResolver.cpp, line 653]
Event: 12.360 Thread 0x0000026d6ed6b000 Exception <a 'java/lang/NoSuchMethodError': java.lang.Object.lambda$comparing$ea9a8b3a$1(Ljava/util/Comparator;Ljava/util/function/Function;Ljava/lang/Object;Ljava/lang/Object;)I> (0x00000000f6a18f58) thrown at [C:\workspace\openjdk-build\workspace\build\
Event: 12.574 Thread 0x0000026d73d26800 Exception <a 'sun/nio/fs/WindowsException'> (0x00000000f70d0eb8) thrown at [C:\workspace\openjdk-build\workspace\build\src\hotspot\src\share\vm\prims\jni.cpp, line 712]
Event: 12.576 Thread 0x0000026d73d26800 Exception <a 'sun/nio/fs/WindowsException'> (0x00000000f70d1ac0) thrown at [C:\workspace\openjdk-build\workspace\build\src\hotspot\src\share\vm\prims\jni.cpp, line 712]
Event: 12.707 Thread 0x0000026d73d26000 Exception <a 'java/lang/NoSuchMethodError': java.lang.Object.lambda$wrap$0(Lorg/gradle/internal/io/IoSupplier;)Ljava/lang/Object;> (0x00000000f73474f8) thrown at [C:\workspace\openjdk-build\workspace\build\src\hotspot\src\share\vm\interpreter\linkResolver
Event: 12.731 Thread 0x0000026d73d26000 Exception <a 'sun/nio/fs/WindowsException'> (0x00000000f73941f8) thrown at [C:\workspace\openjdk-build\workspace\build\src\hotspot\src\share\vm\prims\jni.cpp, line 712]
Event: 12.733 Thread 0x0000026d73d26000 Exception <a 'sun/nio/fs/WindowsException'> (0x00000000f7394a58) thrown at [C:\workspace\openjdk-build\workspace\build\src\hotspot\src\share\vm\prims\jni.cpp, line 712]
Event: 12.776 Thread 0x0000026d73d26000 Exception <a 'sun/nio/fs/WindowsException'> (0x00000000f74e07d0) thrown at [C:\workspace\openjdk-build\workspace\build\src\hotspot\src\share\vm\prims\jni.cpp, line 712]
Event: 12.796 Thread 0x0000026d73d26000 Exception <a 'sun/nio/fs/WindowsException'> (0x00000000f7521f68) thrown at [C:\workspace\openjdk-build\workspace\build\src\hotspot\src\share\vm\prims\jni.cpp, line 712]
Event: 12.824 Thread 0x0000026d73d26000 Exception <a 'sun/nio/fs/WindowsException'> (0x00000000f7557f48) thrown at [C:\workspace\openjdk-build\workspace\build\src\hotspot\src\share\vm\prims\jni.cpp, line 712]

Events (10 events):
Event: 13.153 loading class org/codehaus/groovy/reflection/stdclasses/BigDecimalCachedClass
Event: 13.153 loading class org/codehaus/groovy/reflection/stdclasses/BigDecimalCachedClass done
Event: 13.154 loading class org/codehaus/groovy/reflection/stdclasses/LongCachedClass
Event: 13.154 loading class org/codehaus/groovy/reflection/stdclasses/LongCachedClass done
Event: 13.154 loading class org/codehaus/groovy/reflection/stdclasses/FloatCachedClass
Event: 13.154 loading class org/codehaus/groovy/reflection/stdclasses/FloatCachedClass done
Event: 13.155 loading class org/codehaus/groovy/reflection/stdclasses/ShortCachedClass
Event: 13.155 loading class org/codehaus/groovy/reflection/stdclasses/ShortCachedClass done
Event: 13.155 loading class org/codehaus/groovy/reflection/stdclasses/BooleanCachedClass
Event: 13.155 loading class org/codehaus/groovy/reflection/stdclasses/BooleanCachedClass done


Dynamic libraries:
0x00007ff6d8b90000 - 0x00007ff6d8be1000 	C:\Program Files\Eclipse Adoptium\jre-8.0.422.5-hotspot\bin\java.exe
0x00007ffafccc0000 - 0x00007ffafcf29000 	C:\WINDOWS\SYSTEM32\ntdll.dll
0x00007ffafbb70000 - 0x00007ffafbc39000 	C:\WINDOWS\System32\KERNEL32.DLL
0x00007ffafa120000 - 0x00007ffafa513000 	C:\WINDOWS\System32\KERNELBASE.dll
0x00007ffafbab0000 - 0x00007ffafbb64000 	C:\WINDOWS\System32\ADVAPI32.dll
0x00007ffafba00000 - 0x00007ffafbaa9000 	C:\WINDOWS\System32\msvcrt.dll
0x00007ffafb5b0000 - 0x00007ffafb656000 	C:\WINDOWS\System32\sechost.dll
0x00007ffafb8b0000 - 0x00007ffafb9c8000 	C:\WINDOWS\System32\RPCRT4.dll
0x00007ffafaab0000 - 0x00007ffafac74000 	C:\WINDOWS\System32\USER32.dll
0x00007ffaf9e50000 - 0x00007ffaf9e77000 	C:\WINDOWS\System32\win32u.dll
0x00007ffafb9d0000 - 0x00007ffafb9fb000 	C:\WINDOWS\System32\GDI32.dll
0x00007ffafa7f0000 - 0x00007ffafa91d000 	C:\WINDOWS\System32\gdi32full.dll
0x00007ffafa070000 - 0x00007ffafa113000 	C:\WINDOWS\System32\msvcp_win.dll
0x00007ffafa520000 - 0x00007ffafa66b000 	C:\WINDOWS\System32\ucrtbase.dll
0x00007ffadfce0000 - 0x00007ffadff73000 	C:\WINDOWS\WinSxS\amd64_microsoft.windows.common-controls_6595b64144ccf1df_6.0.26100.5074_none_3e0d6f78e32fd63f\COMCTL32.dll
0x00007ffafc230000 - 0x00007ffafc25f000 	C:\WINDOWS\System32\IMM32.DLL
0x00007ffad0270000 - 0x00007ffad0285000 	C:\Program Files\Eclipse Adoptium\jre-8.0.422.5-hotspot\bin\vcruntime140.dll
0x00007ffaa1c20000 - 0x00007ffaa1cbb000 	C:\Program Files\Eclipse Adoptium\jre-8.0.422.5-hotspot\bin\msvcp140.dll
0x00000000542a0000 - 0x0000000054afa000 	C:\Program Files\Eclipse Adoptium\jre-8.0.422.5-hotspot\bin\server\jvm.dll
0x00007ffafbc40000 - 0x00007ffafbc48000 	C:\WINDOWS\System32\PSAPI.DLL
0x00007ffae76a0000 - 0x00007ffae76aa000 	C:\WINDOWS\SYSTEM32\WSOCK32.dll
0x00007ffafc560000 - 0x00007ffafc5d4000 	C:\WINDOWS\System32\WS2_32.dll
0x00007ffaeebd0000 - 0x00007ffaeec05000 	C:\WINDOWS\SYSTEM32\WINMM.dll
0x00007ffaeec40000 - 0x00007ffaeec4b000 	C:\WINDOWS\SYSTEM32\VERSION.dll
0x00007ffaf8d50000 - 0x00007ffaf8d6b000 	C:\WINDOWS\SYSTEM32\kernel.appcore.dll
0x00007ffaeee10000 - 0x00007ffaeee20000 	C:\Program Files\Eclipse Adoptium\jre-8.0.422.5-hotspot\bin\verify.dll
0x00007ffabe9a0000 - 0x00007ffabe9cb000 	C:\Program Files\Eclipse Adoptium\jre-8.0.422.5-hotspot\bin\java.dll
0x00007ffa9f580000 - 0x00007ffa9f5b9000 	C:\Program Files\Eclipse Adoptium\jre-8.0.422.5-hotspot\bin\instrument.dll
0x00007ffad0250000 - 0x00007ffad0268000 	C:\Program Files\Eclipse Adoptium\jre-8.0.422.5-hotspot\bin\zip.dll
0x00007ffafae60000 - 0x00007ffafb5ad000 	C:\WINDOWS\System32\SHELL32.dll
0x00007ffafa920000 - 0x00007ffafaa8c000 	C:\WINDOWS\System32\wintypes.dll
0x00007ffafbdb0000 - 0x00007ffafc12b000 	C:\WINDOWS\System32\combase.dll
0x00007ffaf7ab0000 - 0x00007ffaf8309000 	C:\WINDOWS\SYSTEM32\windows.storage.dll
0x00007ffafc130000 - 0x00007ffafc220000 	C:\WINDOWS\System32\SHCORE.dll
0x00007ffafc670000 - 0x00007ffafc6d2000 	C:\WINDOWS\System32\shlwapi.dll
0x00007ffaf9d70000 - 0x00007ffaf9d99000 	C:\WINDOWS\SYSTEM32\profapi.dll
0x00007ffabda10000 - 0x00007ffabda2c000 	C:\Program Files\Eclipse Adoptium\jre-8.0.422.5-hotspot\bin\net.dll
0x00007ffaf92d0000 - 0x00007ffaf933b000 	C:\WINDOWS\system32\mswsock.dll
0x00007ffaad160000 - 0x00007ffaad173000 	C:\Program Files\Eclipse Adoptium\jre-8.0.422.5-hotspot\bin\nio.dll
0x00007ffaeee20000 - 0x00007ffaeee47000 	C:\Users\Lenovo\.gradle\native\c067742578af261105cb4f569cf0c3c89f3d7b1fecec35dd04571415982c5e48\windows-amd64\native-platform.dll
0x00007ffa72f30000 - 0x00007ffa73074000 	C:\Users\Lenovo\.gradle\native\100fb08df4bc3b14c8652ba06237920a3bd2aa13389f12d3474272988ae205f9\windows-amd64\native-platform-file-events.dll
0x00007ffaeed90000 - 0x00007ffaeed9d000 	C:\Program Files\Eclipse Adoptium\jre-8.0.422.5-hotspot\bin\management.dll
0x00007ffaf9580000 - 0x00007ffaf959b000 	C:\WINDOWS\SYSTEM32\CRYPTSP.dll
0x00007ffaf8cb0000 - 0x00007ffaf8ceb000 	C:\WINDOWS\system32\rsaenh.dll
0x00007ffaf9370000 - 0x00007ffaf939b000 	C:\WINDOWS\SYSTEM32\USERENV.dll
0x00007ffaf9d40000 - 0x00007ffaf9d66000 	C:\WINDOWS\SYSTEM32\bcrypt.dll
0x00007ffaf9e80000 - 0x00007ffaf9f19000 	C:\WINDOWS\System32\bcryptprimitives.dll
0x00007ffaf9570000 - 0x00007ffaf957c000 	C:\WINDOWS\SYSTEM32\CRYPTBASE.dll
0x00007ffaf8690000 - 0x00007ffaf86c4000 	C:\WINDOWS\SYSTEM32\IPHLPAPI.DLL
0x00007ffafc660000 - 0x00007ffafc66a000 	C:\WINDOWS\System32\NSI.dll
0x00007ffaeec50000 - 0x00007ffaeec6e000 	C:\WINDOWS\SYSTEM32\dhcpcsvc6.DLL
0x00007ffaeec10000 - 0x00007ffaeec33000 	C:\WINDOWS\SYSTEM32\dhcpcsvc.DLL
0x00007ffaf8780000 - 0x00007ffaf88a6000 	C:\WINDOWS\SYSTEM32\DNSAPI.dll
0x00007ffaf8e70000 - 0x00007ffaf8ea6000 	C:\WINDOWS\SYSTEM32\ntmarta.dll

VM Arguments:
jvm_args: -XX:MaxMetaspaceSize=384m -XX:+HeapDumpOnOutOfMemoryError -Xms256m -Xmx512m -Dfile.encoding=utf8 -Duser.country=IN -Duser.language=en -Duser.variant -javaagent:C:\Users\Lenovo\.gradle\wrapper\dists\gradle-8.9-bin\90cnw93cvbtalezasaz0blq0a\gradle-8.9\lib\agents\gradle-instrumentation-agent-8.9.jar 
java_command: org.gradle.launcher.daemon.bootstrap.GradleDaemon 8.9
java_class_path (initial): C:\Users\Lenovo\.gradle\wrapper\dists\gradle-8.9-bin\90cnw93cvbtalezasaz0blq0a\gradle-8.9\lib\gradle-daemon-main-8.9.jar;C:\Users\Lenovo\.gradle\wrapper\dists\gradle-8.9-bin\90cnw93cvbtalezasaz0blq0a\gradle-8.9\lib\agents\gradle-instrumentation-agent-8.9.jar
Launcher Type: SUN_STANDARD

Environment Variables:
JAVA_HOME=C:\Program Files\Java\jdk-23\bin
USERNAME=Lenovo
OS=Windows_NT
PROCESSOR_IDENTIFIER=Intel64 Family 6 Model 151 Stepping 2, GenuineIntel



---------------  S Y S T E M  ---------------

OS: Windows 11 , 64 bit Build 26100 (10.0.26100.5074)

CPU:total 12 (initial active 12) (6 cores per cpu, 2 threads per core) family 6 model 151 stepping 2, cmov, cx8, fxsr, mmx, sse, sse2, sse3, ssse3, sse4.1, sse4.2, popcnt, avx, avx2, aes, clmul, erms, 3dnowpref, lzcnt, ht, tsc, tscinvbit, bmi1, bmi2, adx

Memory: 4k page, physical 16478072k(607400k free), swap 50270072k(3344k free)

vm_info: OpenJDK 64-Bit Server VM (25.422-b05) for windows-amd64 JRE (1.8.0_422-b05), built on Jul 18 2024 13:37:58 by "jenkins" with MS VC++ 15.9 (VS2017)

time: Sun Sep 21 16:22:06 2025
timezone: India Standard Time
elapsed time: 15.181253 seconds (0d 0h 0m 15s)

